[debug] [2020-01-29T14:57:36.985Z] ----------------------------------------------------------------------
[debug] [2020-01-29T14:57:36.986Z] Command:       /usr/local/bin/firebase /home/tetrachandaz1000/.cache/firebase/tools/lib/node_modules/firebase-tools/lib/bin/firebase serve
[debug] [2020-01-29T14:57:36.987Z] CLI Version:   7.11.0
[debug] [2020-01-29T14:57:36.987Z] Platform:      linux
[debug] [2020-01-29T14:57:36.987Z] Node Version:  v10.17.0
[debug] [2020-01-29T14:57:36.987Z] Time:          Wed Jan 29 2020 23:57:36 GMT+0900 (Japan Standard Time)
[debug] [2020-01-29T14:57:36.987Z] ----------------------------------------------------------------------
[debug] [2020-01-29T14:57:36.987Z] 
[debug] [2020-01-29T14:57:36.994Z] > command requires scopes: ["email","openid","https://www.googleapis.com/auth/cloudplatformprojects.readonly","https://www.googleapis.com/auth/firebase","https://www.googleapis.com/auth/cloud-platform"]
[debug] [2020-01-29T14:57:36.994Z] > authorizing via signed-in user
[debug] [2020-01-29T14:57:36.994Z] [iam] checking project bookkeeping-4796d for permissions ["firebase.projects.get"]
[debug] [2020-01-29T14:57:36.996Z] > refreshing access token with scopes: ["email","https://www.googleapis.com/auth/cloud-platform","https://www.googleapis.com/auth/cloudplatformprojects.readonly","https://www.googleapis.com/auth/firebase","openid"]
[debug] [2020-01-29T14:57:36.996Z] >>> HTTP REQUEST POST https://www.googleapis.com/oauth2/v3/token  
 <request body omitted>
[debug] [2020-01-29T14:57:37.227Z] <<< HTTP RESPONSE 200
[debug] [2020-01-29T14:57:37.255Z] >>> HTTP REQUEST POST https://cloudresourcemanager.googleapis.com/v1/projects/bookkeeping-4796d:testIamPermissions  

[debug] [2020-01-29T14:57:38.131Z] <<< HTTP RESPONSE 200
[debug] [2020-01-29T14:57:38.144Z] >>> HTTP REQUEST GET https://firebase.googleapis.com/v1beta1/projects/bookkeeping-4796d  
 
[debug] [2020-01-29T14:57:39.051Z] <<< HTTP RESPONSE 200
[info] 
[info] === Serving from '/home/tetrachandaz1000/bookkeeping-firebase'...
[info] 
[debug] [2020-01-29T14:57:39.059Z] >>> HTTP REQUEST GET https://firebase.googleapis.com/v1beta1/projects/bookkeeping-4796d/webApps/-/config  
 
[debug] [2020-01-29T14:57:40.280Z] <<< HTTP RESPONSE 200
[info] i  hosting: Serving hosting files from: public
[info] ✔  hosting: Local server: http://localhost:5000
[debug] [2020-01-29T16:17:33.826Z] ----------------------------------------------------------------------
[debug] [2020-01-29T16:17:33.834Z] Command:       /usr/local/bin/firebase /home/tetrachandaz1000/.cache/firebase/tools/lib/node_modules/firebase-tools/lib/bin/firebase serve
[debug] [2020-01-29T16:17:33.835Z] CLI Version:   7.11.0
[debug] [2020-01-29T16:17:33.835Z] Platform:      linux
[debug] [2020-01-29T16:17:33.835Z] Node Version:  v10.17.0
[debug] [2020-01-29T16:17:33.835Z] Time:          Thu Jan 30 2020 01:17:33 GMT+0900 (Japan Standard Time)
[debug] [2020-01-29T16:17:33.835Z] ----------------------------------------------------------------------
[debug] [2020-01-29T16:17:33.835Z] 
[debug] [2020-01-29T16:17:33.841Z] > command requires scopes: ["email","openid","https://www.googleapis.com/auth/cloudplatformprojects.readonly","https://www.googleapis.com/auth/firebase","https://www.googleapis.com/auth/cloud-platform"]
[debug] [2020-01-29T16:17:33.842Z] > authorizing via signed-in user
[debug] [2020-01-29T16:17:33.842Z] [iam] checking project bookkeeping-4796d for permissions ["firebase.projects.get"]
[debug] [2020-01-29T16:17:33.843Z] > refreshing access token with scopes: ["email","https://www.googleapis.com/auth/cloud-platform","https://www.googleapis.com/auth/cloudplatformprojects.readonly","https://www.googleapis.com/auth/firebase","openid"]
[debug] [2020-01-29T16:17:33.843Z] >>> HTTP REQUEST POST https://www.googleapis.com/oauth2/v3/token  
 <request body omitted>
[debug] [2020-01-29T16:17:34.097Z] <<< HTTP RESPONSE 200
[debug] [2020-01-29T16:17:34.125Z] >>> HTTP REQUEST POST https://cloudresourcemanager.googleapis.com/v1/projects/bookkeeping-4796d:testIamPermissions  

[debug] [2020-01-29T16:17:35.059Z] <<< HTTP RESPONSE 200
[debug] [2020-01-29T16:17:35.072Z] >>> HTTP REQUEST GET https://firebase.googleapis.com/v1beta1/projects/bookkeeping-4796d  
 
[debug] [2020-01-29T16:17:35.671Z] <<< HTTP RESPONSE 200
[info] 
[info] === Serving from '/home/tetrachandaz1000/bookkeeping-firebase'...
[info] 
[debug] [2020-01-29T16:17:35.698Z] >>> HTTP REQUEST GET https://firebase.googleapis.com/v1beta1/projects/bookkeeping-4796d/webApps/-/config  
 
[debug] [2020-01-29T16:17:37.106Z] <<< HTTP RESPONSE 200
[info] i  hosting: Serving hosting files from: public
[info] ✔  hosting: Local server: http://localhost:5000
